"../../../Engine/Content/Functions/Engine_MaterialFunctions01/Opacity/CameraDepthFade.uasset" 0
"../../../Engine/Content/EngineMaterials/T_Default_Material_Grid_M.uasset" 1
"../../../Engine/Content/EngineMaterials/T_Default_Material_Grid_N.uasset" 2
"../../../Engine/Content/EngineMaterials/WorldGridMaterial.uasset" 3
"../../../Engine/Content/ArtTools/RenderToTexture/Meshes/S_1_Unit_Plane.uasset" 4
"../../../Engine/Content/EngineMaterials/DefaultMaterial.uasset" 5
"../../../Engine/Content/BasicShapes/Cone.uasset" 6
"../../../Engine/Content/BasicShapes/Cylinder.uasset" 7
"../../../Engine/Content/BasicShapes/Plane.uasset" 8
"../../../Engine/Content/BasicShapes/Sphere.uasset" 9
"../../../Engine/Content/EditorLandscapeResources/DataLayer.uasset" 10
"../../../Engine/Content/EditorMaterials/GizmoMaterial.uasset" 11
"../../../Engine/Content/EditorMaterials/MAT_Groups_Toggle.uasset" 12
"../../../Engine/Content/EditorMaterials/MAT_Groups_Visibility.uasset" 13
"../../../Engine/Content/EditorMaterials/PreviewShadowIndicator.uasset" 14
"../../../Engine/Content/EditorMaterials/PreviewShadowIndicatorMaterial.uasset" 15
"../../../Engine/Content/EditorMaterials/MatineeGroups/MAT_ColorTrack.uasset" 16
"../../../Engine/Content/EditorMaterials/MatineeGroups/MAT_Groups_Anim.uasset" 17
"../../../Engine/Content/EditorMaterials/MatineeGroups/MAT_Groups_AudioMaster.uasset" 18
"../../../Engine/Content/EditorMaterials/MatineeGroups/MAT_Groups_Director.uasset" 19
"../../../Engine/Content/EditorMaterials/MatineeGroups/MAT_Groups_Event.uasset" 20
"../../../Engine/Content/EditorMaterials/MatineeGroups/MAT_Groups_Fade.uasset" 21
"../../../Engine/Content/EditorMaterials/MatineeGroups/MAT_Groups_Float.uasset" 22
"../../../Engine/Content/EditorMaterials/MatineeGroups/MAT_Groups_Move.uasset" 23
"../../../Engine/Content/EditorMaterials/MatineeGroups/MAT_Groups_Slomo.uasset" 24
"../../../Engine/Content/EditorMaterials/MatineeGroups/MAT_Groups_Sound.uasset" 25
"../../../Engine/Content/EditorMaterials/MatineeGroups/MAT_Groups_Vector.uasset" 26
"../../../Engine/Content/EditorMaterials/ParticleSystems/PSysThumbnail_NoImage.uasset" 27
"../../../Engine/Content/EditorMaterials/ParticleSystems/PSysThumbnail_OOD.uasset" 28
"../../../Engine/Content/EditorMaterials/Camera/CineMat.uasset" 29
"../../../Engine/Content/EditorMaterials/Camera/MI_CineMat_Rig.uasset" 30
"../../../Engine/Content/EditorMeshes/Camera/SM_CraneRig_Arm.uasset" 31
"../../../Engine/Content/EditorMeshes/Camera/SM_CraneRig_Base.uasset" 32
"../../../Engine/Content/EditorMeshes/Camera/SM_CraneRig_Body.uasset" 33
"../../../Engine/Content/EditorMeshes/Camera/SM_CraneRig_Mount.uasset" 34
"../../../Engine/Content/EditorMeshes/Camera/SM_RailRig_Mount.uasset" 35
"../../../Engine/Content/EditorMeshes/Camera/SM_RailRig_Track.uasset" 36
"../../../Engine/Content/EditorResources/BSPVertex.uasset" 37
"../../../Engine/Content/EditorResources/EmptyActor.uasset" 38
"../../../Engine/Content/EditorResources/S_Actor.uasset" 39
"../../../Engine/Content/EditorResources/S_Trigger.uasset" 40
"../../../Engine/Content/EditorResources/LightIcons/S_LightError.uasset" 41
"../../../Engine/Content/EditorResources/SequenceRecorder/Countdown.uasset" 42
"../../../Engine/Content/EditorResources/SequenceRecorder/RecordingIndicator.uasset" 43
"../../../Engine/Content/EditorSounds/Notifications/CompileFailed.uasset" 44
"../../../Engine/Content/EditorSounds/Notifications/CompileFailed_Cue.uasset" 45
"../../../Engine/Content/EditorSounds/Notifications/CompileSuccess.uasset" 46
"../../../Engine/Content/EditorSounds/Notifications/CompileStart_Cue.uasset" 47
"../../../Engine/Content/EditorSounds/Notifications/CompileSuccess_Cue.uasset" 48
"../../../Engine/Content/EngineDamageTypes/DmgTypeBP_Environmental.uasset" 49
"../../../Engine/Content/EngineDebugMaterials/HeatmapGradient.uasset" 50
"../../../Engine/Content/EngineDebugMaterials/BoneWeightMaterial.uasset" 51
"../../../Engine/Content/EngineDebugMaterials/ClothMaterial.uasset" 52
"../../../Engine/Content/EngineDebugMaterials/ClothMaterial_WF.uasset" 53
"../../../Engine/Content/EngineDebugMaterials/DebugEditorMaterial.uasset" 54
"../../../Engine/Content/EngineDebugMaterials/DebugMeshMaterial.uasset" 55
"../../../Engine/Content/EngineDebugMaterials/GeomMaterial.uasset" 56
"../../../Engine/Content/EngineDebugMaterials/M_SimpleTranslucent.uasset" 57
"../../../Engine/Content/EngineFonts/Faces/RobotoBold.uasset" 58
"../../../Engine/Content/EngineFonts/Faces/RobotoBoldItalic.uasset" 59
"../../../Engine/Content/EngineFonts/Faces/RobotoItalic.uasset" 60
"../../../Engine/Content/EngineFonts/Faces/RobotoLight.uasset" 61
"../../../Engine/Content/EngineFonts/Faces/RobotoRegular.uasset" 62
"../../../Engine/Content/EngineFonts/Roboto.uasset" 63
"../../../Engine/Content/EngineFonts/Faces/RobotoTiny.uasset" 64
"../../../Engine/Content/EngineFonts/RobotoTiny.uasset" 65
"../../../Engine/Content/EngineMaterials/BaseFlattenDiffuseMap.uasset" 66
"../../../Engine/Content/EngineMaterials/BaseFlattenEmissiveMap.uasset" 67
"../../../Engine/Content/EngineMaterials/BaseFlattenGrayscaleMap.uasset" 68
"../../../Engine/Content/EngineMaterials/BaseFlattenNormalMap.uasset" 69
"../../../Engine/Content/EngineMaterials/BaseFlattenMaterial.uasset" 70
"../../../Engine/Content/EngineMaterials/DefaultBloomKernel.uasset" 71
"../../../Engine/Content/EngineMaterials/DefaultBokeh.uasset" 72
"../../../Engine/Content/EngineMaterials/DefaultDiffuse.uasset" 73
"../../../Engine/Content/EngineMaterials/DefaultDeferredDecalMaterial.uasset" 74
"../../../Engine/Content/EngineMaterials/DefaultLightFunctionMaterial.uasset" 75
"../../../Engine/Content/EngineMaterials/DefaultPhysicalMaterial.uasset" 76
"../../../Engine/Content/Functions/Engine_MaterialFunctions02/Utility/BreakOutFloat2Components.uasset" 77
"../../../Engine/Content/EngineMaterials/DefaultPostProcessMaterial.uasset" 78
"../../../Engine/Content/EngineFonts/RobotoDistanceField.uasset" 79
"../../../Engine/Content/EngineMaterials/DefaultTextMaterialOpaque.uasset" 80
"../../../Engine/Content/EngineMaterials/DefaultWhiteGrid.uasset" 81
"../../../Engine/Content/EngineMaterials/EditorBrushMaterial.uasset" 82
"../../../Engine/Content/EngineMaterials/Good64x64TilingNoiseHighFreq.uasset" 83
"../../../Engine/Content/EngineMaterials/MiniFont.uasset" 84
"../../../Engine/Content/EngineMaterials/InvalidLightmapSettings.uasset" 85
"../../../Engine/Content/EngineMaterials/M_InvalidLightmapSettings.uasset" 86
"../../../Engine/Content/Functions/Engine_MaterialFunctions02/WorldPositionOffset/CameraOffset.uasset" 87
"../../../Engine/Content/EngineMaterials/PhAT_JointLimitMaterial.uasset" 88
"../../../Engine/Content/EngineMaterials/PreintegratedSkinBRDF.uasset" 89
"../../../Engine/Content/EngineMaterials/RemoveSurfaceMaterial.uasset" 90
"../../../Engine/Content/EngineMaterials/WeightMapPlaceholderTexture.uasset" 91
"../../../Engine/Content/EngineResources/WhiteSquareTexture.uasset" 92
"../../../Engine/Content/EngineMaterials/Widget3DPassThrough.uasset" 93
"../../../Engine/Content/EngineMaterials/Widget3DPassThrough_Masked.uasset" 94
"../../../Engine/Content/EngineMaterials/Widget3DPassThrough_Opaque.uasset" 95
"../../../Engine/Content/EngineMaterials/Widget3DPassThrough_Masked_OneSided.uasset" 96
"../../../Engine/Content/EngineMaterials/Widget3DPassThrough_Opaque_OneSided.uasset" 97
"../../../Engine/Content/EngineMaterials/Widget3DPassThrough_Translucent.uasset" 98
"../../../Engine/Content/EngineMaterials/Widget3DPassThrough_Translucent_OneSided.uasset" 99
"../../../Engine/Content/EngineMeshes/Cylinder.uasset" 100
"../../../Engine/Content/EngineMeshes/Sphere.uasset" 101
"../../../Engine/Content/EngineResources/Black.uasset" 102
"../../../Engine/Content/EngineResources/DefaultTexture.uasset" 103
"../../../Engine/Content/EngineResources/DefaultTextureCube.uasset" 104
"../../../Engine/Content/EngineResources/DefaultVolumeTexture2D.uasset" 105
"../../../Engine/Content/EngineResources/DefaultVolumeTexture.uasset" 106
"../../../Engine/Content/EngineResources/GradientTexture0.uasset" 107
"../../../Engine/Content/EngineSounds/Master.uasset" 108
"../../../Engine/Content/Functions/Engine_MaterialFunctions01/Shading/ConvertFromDiffSpec.uasset" 109
"../../../Engine/Content/Functions/Engine_MaterialFunctions01/Shading/PowerToRoughness.uasset" 110
"../../../Engine/Content/Maps/Templates/Thumbnails/Default.uasset" 111
"../../../Engine/Content/Maps/Templates/Thumbnails/VR-Basic.uasset" 112
"../../../Engine/Content/MobileResources/T_MobileControls_texture.uasset" 113
"../../../Engine/Content/MobileResources/T_MobileMenu2.uasset" 114
"../../../Engine/Content/MobileResources/HUD/AnalogHat.uasset" 115
"../../../Engine/Content/MobileResources/HUD/VirtualJoystick_Background.uasset" 116
"../../../Engine/Content/MobileResources/HUD/VirtualJoystick_Thumb.uasset" 117
"../../../Engine/Content/MobileResources/HUD/DefaultVirtualJoysticks.uasset" 118
"../../../Engine/Content/MobileResources/HUD/LeftVirtualJoystickOnly.uasset" 119
"../../../Engine/Content/MobileResources/HUD/MobileHUDButton1_off.uasset" 120
"../../../Engine/Content/MobileResources/HUD/MobileHUDButton1_on.uasset" 121
"../../../Engine/Content/MobileResources/HUD/MobileHUDButton2_off.uasset" 122
"../../../Engine/Content/MobileResources/HUD/MobileHUDButton2_on.uasset" 123
"../../../Engine/Content/MobileResources/HUD/MobileHUDButton3.uasset" 124
"../../../Engine/Content/MobileResources/HUD/MobileHUDButtonFire.uasset" 125
"../../../Engine/Content/MobileResources/HUD/MobileHUDDirectionPad.uasset" 126
"../../../Engine/Content/MobileResources/HUD/MobileHUDDirectionPad2.uasset" 127
"../../../Engine/Content/MobileResources/HUD/MobileHUDDirectionPad3.uasset" 128
"../../../Engine/Content/MobileResources/HUD/MobileHUDDirectionStick.uasset" 129
"../../../Engine/Content/MobileResources/HUD/T_Castle_ThumbstickInner.uasset" 130
"../../../Engine/Content/MobileResources/HUD/T_Castle_ThumbstickOutter.uasset" 131
"../../../Engine/Content/Tutorial/ContentIntroCurve.uasset" 132
"../../../Engine/Content/VREditor/LaserPointer/VR_LaserPower_01.uasset" 133
"../../../Engine/Content/VREditor/TransformGizmo/TransformGizmoMaterial.uasset" 134
"../../../Engine/Content/VREditor/TransformGizmo/TranslucentTransformGizmoMaterial.uasset" 135
"../../../Engine/Content/VREditor/TransformGizmo/BoundingBoxCorner.uasset" 136
"../../../Engine/Content/VREditor/TransformGizmo/BoundingBoxEdge.uasset" 137
"../../../Engine/Content/VREditor/TransformGizmo/PlaneTranslationHandle.uasset" 138
"../../../Engine/Content/VREditor/TransformGizmo/Main.uasset" 139
"../../../Engine/Content/VREditor/TransformGizmo/Xray.uasset" 140
"../../../Engine/Content/VREditor/TransformGizmo/SM_Sequencer_Key.uasset" 141
"../../../Engine/Content/VREditor/TransformGizmo/SM_Sequencer_Node.uasset" 142
"../../Plugins/2D/Paper2D/Content/PlaceholderTextures/DummySpriteTexture.uasset" 143
"../../Plugins/2D/Paper2D/Content/DummySprite.uasset" 144
"../../Plugins/2D/Paper2D/Content/DefaultPaperTerrainMaterial.uasset" 145
"../../Plugins/2D/Paper2D/Content/DefaultSpriteMaterial.uasset" 146
"../../Plugins/2D/Paper2D/Content/MaskedUnlitSpriteMaterial.uasset" 147
"../../Plugins/2D/Paper2D/Content/OpaqueUnlitSpriteMaterial.uasset" 148
"../../Plugins/Runtime/Oculus/OculusVR/Content/Materials/PokeAHoleMaterial.uasset" 149
"../../Plugins/Runtime/Oculus/OculusVR/Content/Textures/GearVRController_AO.uasset" 150
"../../Plugins/Runtime/Oculus/OculusVR/Content/Textures/GearVRController_Color.uasset" 151
"../../Plugins/Runtime/Oculus/OculusVR/Content/Textures/GearVRController_Normal.uasset" 152
"../../Plugins/Runtime/Oculus/OculusVR/Content/Materials/GearVRControllerMaterial.uasset" 153
"../../Plugins/Runtime/Oculus/OculusVR/Content/Meshes/GearVrController.uasset" 154
"../../Plugins/Runtime/Oculus/OculusVR/Content/Textures/touchController_albedo.uasset" 155
"../../Plugins/Runtime/Oculus/OculusVR/Content/Textures/touchController_controlmap.uasset" 156
"../../Plugins/Runtime/Oculus/OculusVR/Content/Materials/touchController_mat.uasset" 157
"../../Plugins/Runtime/Oculus/OculusVR/Content/Meshes/LeftTouchController.uasset" 158
"../../Plugins/Runtime/Oculus/OculusVR/Content/Meshes/RiftHMD.uasset" 159
"../../Plugins/Runtime/Oculus/OculusVR/Content/Meshes/RightTouchController.uasset" 160
"../../../Engine/Content/EditorBlueprintResources/StandardMacros.uasset" 161
"../../../Engine/Content/EngineSky/C_Sky_Cloud_Color.uasset" 162
"../../../Engine/Content/EngineSky/C_Sky_Horizon_Color.uasset" 163
"../../../Engine/Content/EngineSky/C_Sky_Zenith_Color.uasset" 164
"../../../Engine/Content/EngineSky/T_Sky_Blue.uasset" 165
"../../../Engine/Content/EngineSky/T_Sky_Clouds_M.uasset" 166
"../../../Engine/Content/EngineSky/T_Sky_Stars.uasset" 167
"../../../Engine/Content/EngineSky/M_Sky_Panning_Clouds2.uasset" 168
"../../../Engine/Content/EngineSky/SM_SkySphere.uasset" 169
"../../../Engine/Content/EngineSky/BP_Sky_Sphere.uasset" 170
"../../../../../../../MyDocs/GitHub/SquadOutbreakProg/Content/Box/Box_Skeleton.uasset" 171
"../../../../../../../MyDocs/GitHub/SquadOutbreakProg/Content/Box/Box_Anim.uasset" 172
"../../../../../../../MyDocs/GitHub/SquadOutbreakProg/Content/Box/Mat_SciFiCrates01.uasset" 173
"../../../../../../../MyDocs/GitHub/SquadOutbreakProg/Content/Box/Box_PhysicsAsset.uasset" 174
"../../../../../../../MyDocs/GitHub/SquadOutbreakProg/Content/Box/Box.uasset" 175
"../../../../../../../MyDocs/GitHub/SquadOutbreakProg/Content/Box/BoxAc.uasset" 176
"../../../../../../../MyDocs/GitHub/SquadOutbreakProg/Content/FirstPerson/Character/Mesh/SK_Mannequin_Arms_Skeleton.uasset" 177
"../../../../../../../MyDocs/GitHub/SquadOutbreakProg/Content/FirstPerson/Animations/FirstPerson_Idle.uasset" 178
"../../../../../../../MyDocs/GitHub/SquadOutbreakProg/Content/FirstPerson/Animations/FirstPerson_JumpEnd.uasset" 179
"../../../../../../../MyDocs/GitHub/SquadOutbreakProg/Content/FirstPerson/Animations/FirstPerson_JumpLoop.uasset" 180
"../../../../../../../MyDocs/GitHub/SquadOutbreakProg/Content/FirstPerson/Animations/FirstPerson_JumpStart.uasset" 181
"../../../../../../../MyDocs/GitHub/SquadOutbreakProg/Content/FirstPerson/Animations/FirstPerson_Run.uasset" 182
"../../../../../../../MyDocs/GitHub/SquadOutbreakProg/Content/FirstPerson/Animations/FirstPerson_AnimBP.uasset" 183
"../../../../../../../MyDocs/GitHub/SquadOutbreakProg/Content/FirstPerson/Animations/FirstPerson_Fire.uasset" 184
"../../../../../../../MyDocs/GitHub/SquadOutbreakProg/Content/FirstPerson/Animations/FirstPersonFire_Montage.uasset" 185
"../../../../../../../MyDocs/GitHub/SquadOutbreakProg/Content/Box/Box_close.uasset" 186
"../../../../../../../MyDocs/GitHub/SquadOutbreakProg/Content/FirstPerson/Meshes/BaseMaterial.uasset" 187
"../../../../../../../MyDocs/GitHub/SquadOutbreakProg/Content/FirstPerson/Meshes/FirstPersonProjectileMaterial.uasset" 188
"../../../../../../../MyDocs/GitHub/SquadOutbreakProg/Content/FirstPerson/Meshes/FirstPersonProjectileMesh.uasset" 189
"../../../../../../../MyDocs/GitHub/SquadOutbreakProg/Content/FirstPersonBP/Blueprints/FirstPersonProjectile.uasset" 190
"../../../../../../../MyDocs/GitHub/SquadOutbreakProg/Content/FirstPersonBP/Blueprints/TogglePause.uasset" 191
"../../../Engine/Content/EditorMeshes/SkeletalMesh/DefaultSkeletalMesh_Skeleton.uasset" 192
"../../../Engine/Content/EditorMeshes/SkeletalMesh/DefaultSkeletalMesh.uasset" 193
"../../../../../../../MyDocs/GitHub/SquadOutbreakProg/Content/FirstPerson/Audio/FirstPersonTemplateWeaponFire02.uasset" 194
"../../../Engine/Content/Functions/Engine_MaterialFunctions02/Utility/BlendAngleCorrectedNormals.uasset" 195
"../../../Engine/Content/Functions/MaterialLayerFunctions/MatLayerBlend_NormalBlend.uasset" 196
"../../../Engine/Content/Functions/MaterialLayerFunctions/MatLayerBlend_Simple.uasset" 197
"../../../../../../../MyDocs/GitHub/SquadOutbreakProg/Content/FirstPerson/Character/Materials/MaterialLayers/T_ML_Rubber_Blue_01_D.uasset" 198
"../../../../../../../MyDocs/GitHub/SquadOutbreakProg/Content/FirstPerson/Character/Materials/MaterialLayers/T_ML_Rubber_Blue_01_N.uasset" 199
"../../../../../../../MyDocs/GitHub/SquadOutbreakProg/Content/FirstPerson/Character/Materials/MaterialLayers/ML_GlossyBlack_Latex_UE4.uasset" 200
"../../../../../../../MyDocs/GitHub/SquadOutbreakProg/Content/FirstPerson/Character/Materials/MaterialLayers/ML_Plastic_Shiny_Beige.uasset" 201
"../../../../../../../MyDocs/GitHub/SquadOutbreakProg/Content/FirstPerson/Character/Textures/UE4_LOGO_CARD.uasset" 202
"../../../../../../../MyDocs/GitHub/SquadOutbreakProg/Content/FirstPerson/Character/Materials/MaterialLayers/ML_Plastic_Shiny_Beige_LOGO.uasset" 203
"../../../../../../../MyDocs/GitHub/SquadOutbreakProg/Content/FirstPerson/Character/Materials/MaterialLayers/T_ML_Aluminum01.uasset" 204
"../../../../../../../MyDocs/GitHub/SquadOutbreakProg/Content/FirstPerson/Character/Materials/MaterialLayers/T_ML_Aluminum01_N.uasset" 205
"../../../../../../../MyDocs/GitHub/SquadOutbreakProg/Content/FirstPerson/Character/Materials/MaterialLayers/ML_SoftMetal_UE4.uasset" 206
"../../../../../../../MyDocs/GitHub/SquadOutbreakProg/Content/FirstPerson/Character/Textures/UE4_Mannequin__normals.uasset" 207
"../../../../../../../MyDocs/GitHub/SquadOutbreakProg/Content/FirstPerson/Character/Textures/UE4_Mannequin_MAT_MASKA.uasset" 208
"../../../../../../../MyDocs/GitHub/SquadOutbreakProg/Content/FirstPerson/Character/Materials/M_UE4Man_Body.uasset" 209
"../../../../../../../MyDocs/GitHub/SquadOutbreakProg/Content/FirstPerson/Character/Mesh/SK_Mannequin_Arms_PhysicsAsset.uasset" 210
"../../../../../../../MyDocs/GitHub/SquadOutbreakProg/Content/FirstPerson/Character/Mesh/SK_Mannequin_Arms.uasset" 211
"../../../../../../../MyDocs/GitHub/SquadOutbreakProg/Content/FirstPerson/FPWeapon/Materials/MaterialLayers/T_ML_Rubber_Blue_01_D.uasset" 212
"../../../../../../../MyDocs/GitHub/SquadOutbreakProg/Content/FirstPerson/FPWeapon/Materials/MaterialLayers/T_ML_Rubber_Blue_01_N.uasset" 213
"../../../../../../../MyDocs/GitHub/SquadOutbreakProg/Content/FirstPerson/FPWeapon/Materials/MaterialLayers/ML_GlossyBlack_Latex_UE4.uasset" 214
"../../../../../../../MyDocs/GitHub/SquadOutbreakProg/Content/FirstPerson/FPWeapon/Materials/MaterialLayers/ML_Plastic_Shiny_Beige.uasset" 215
"../../../../../../../MyDocs/GitHub/SquadOutbreakProg/Content/FirstPerson/FPWeapon/Materials/MaterialLayers/ML_Screen.uasset" 216
"../../../../../../../MyDocs/GitHub/SquadOutbreakProg/Content/FirstPerson/FPWeapon/Materials/MaterialLayers/T_ML_Aluminum01.uasset" 217
"../../../../../../../MyDocs/GitHub/SquadOutbreakProg/Content/FirstPerson/FPWeapon/Materials/MaterialLayers/T_ML_Aluminum01_N.uasset" 218
"../../../../../../../MyDocs/GitHub/SquadOutbreakProg/Content/FirstPerson/FPWeapon/Materials/MaterialLayers/ML_SoftMetal_UE4.uasset" 219
"../../../../../../../MyDocs/GitHub/SquadOutbreakProg/Content/FirstPerson/FPWeapon/Textures/T_FPGun_M.uasset" 220
"../../../../../../../MyDocs/GitHub/SquadOutbreakProg/Content/FirstPerson/FPWeapon/Textures/T_FPGun_N.uasset" 221
"../../../../../../../MyDocs/GitHub/SquadOutbreakProg/Content/FirstPerson/FPWeapon/Materials/M_FPGun.uasset" 222
"../../../../../../../MyDocs/GitHub/SquadOutbreakProg/Content/FirstPerson/FPWeapon/Mesh/SK_FPGun_Skeleton.uasset" 223
"../../../../../../../MyDocs/GitHub/SquadOutbreakProg/Content/FirstPerson/FPWeapon/Mesh/SK_FPGun.uasset" 224
"../../../../../../../MyDocs/GitHub/SquadOutbreakProg/Content/UI/HostGame.uasset" 225
"../../../../../../../MyDocs/GitHub/SquadOutbreakProg/Content/UI/MainMenu.uasset" 226
"../../../../../../../MyDocs/GitHub/SquadOutbreakProg/Content/UI/games.uasset" 227
"../../../../../../../MyDocs/GitHub/SquadOutbreakProg/Content/UI/SearchServers.uasset" 228
"../../../../../../../MyDocs/GitHub/SquadOutbreakProg/Content/FirstPersonBP/Blueprints/FirstPersGI.uasset" 229
"../../../../../../../MyDocs/GitHub/SquadOutbreakProg/Content/UI/PauseMenu.uasset" 230
"../../../../../../../MyDocs/GitHub/SquadOutbreakProg/Content/FirstPersonBP/Blueprints/FirstPersonCharacter.uasset" 231
"../../../../../../../MyDocs/GitHub/SquadOutbreakProg/Content/FirstPerson/Textures/FirstPersonCrosshair.uasset" 232
"../../../Engine/Content/EngineFonts/Faces/DroidSansMono.uasset" 233
"../../../Engine/Content/EngineFonts/DroidSansMono.uasset" 234
"../../../../../../../MyDocs/GitHub/SquadOutbreakProg/Content/UI/HP.uasset" 235
"../../../../../../../MyDocs/GitHub/SquadOutbreakProg/Content/FirstPersonBP/Blueprints/FirstPersonHUD.uasset" 236
"../../../../../../../MyDocs/GitHub/SquadOutbreakProg/Content/FirstPersonBP/Blueprints/FirstPersonGameMode.uasset" 237
"../../../../../../../MyDocs/GitHub/SquadOutbreakProg/Content/FirstPersonBP/Maps/FirstPersonExampleMap_BuiltData.uasset" 238
"../../../Engine/Content/Functions/Engine_MaterialFunctions03/Procedurals/ComputeFilterWidth.uasset" 239
"../../../Engine/Content/EngineMaterials/AntiAliasedTextMaterialTranslucent.uasset" 240
"../../../../../../../MyDocs/GitHub/SquadOutbreakProg/Content/FirstPerson/Meshes/CubeMaterialOverride.uasset" 241
"../../../../../../../MyDocs/GitHub/SquadOutbreakProg/Content/Geometry/Meshes/CubeMaterial.uasset" 242
"../../../../../../../MyDocs/GitHub/SquadOutbreakProg/Content/Geometry/Meshes/1M_Cube.uasset" 243
"../../../../../../../MyDocs/GitHub/SquadOutbreakProg/Content/FirstPersonBP/Maps/FirstPersonExampleMap.umap" 244
"../../../../../../../MyDocs/GitHub/SquadOutbreakProg/Content/FirstPersonBP/Blueprints/MainMenuGM.uasset" 245
"../../../Engine/Content/BasicShapes/BasicShapeMaterial.uasset" 246
"../../../Engine/Content/BasicShapes/Cube.uasset" 247
"../../../Engine/Content/MapTemplates/Sky/T_Sky_Stars.uasset" 248
"../../../Engine/Content/MapTemplates/Sky/T_UDK_Sky_CloudMask01_N.uasset" 249
"../../../Engine/Content/MapTemplates/T_UDK_Sky_CloudMask03.uasset" 250
"../../../Engine/Content/MapTemplates/Sky/M_Procedural_Sky_MASTER02.uasset" 251
"../../../Engine/Content/MapTemplates/Sky/SM_SkySphere.uasset" 252
"../../../../../../../MyDocs/GitHub/SquadOutbreakProg/Content/FirstPersonBP/Maps/MainMenu.umap" 253
